Build started 10/16/2012 1:47:04 PM.
     1>Project "E:\irrlicht\irrlicht-1.8\examples\Half-Life Map\Quake3Map_vc10.vcxproj" on node 2 (build target(s)).
     1>InitializeBuildStatus:
         Creating "Release\02.Quake3Map.unsuccessfulbuild" because "AlwaysCreate" was specified.
       ClCompile:
         C:\Program Files (x86)\Microsoft Visual Studio 10.0\VC\bin\CL.exe /c /I..\..\include /Zi /nologo /W3 /WX- /O2 /Ob1 /Oy- /D WIN32 /D NDEBUG /D _CONSOLE /D _VC80_UPGRADE=0x0710 /D _MBCS /GF /Gm- /EHsc /MT /GS /Gy /fp:precise /Zc:wchar_t /Zc:forScope /Fo"Release\\" /Fd"Release\vc100.pdb" /Gd /TP /analyze- /errorReport:prompt CHL1LevelMesh.cpp CHL1MeshFileLoader.cpp main.cpp
         CHL1LevelMesh.cpp
     1>CHL1LevelMesh.cpp(836): warning C4101: 'i' : unreferenced local variable
         CHL1MeshFileLoader.cpp
         main.cpp
         Generating Code...
       Link:
         C:\Program Files (x86)\Microsoft Visual Studio 10.0\VC\bin\link.exe /ERRORREPORT:PROMPT /OUT:"..\..\bin\Win32-VisualStudio\02.Quake3Map.exe" /NOLOGO /LIBPATH:"..\..\lib\Win32-visualstudio" irrlicht.lib kernel32.lib user32.lib gdi32.lib winspool.lib comdlg32.lib advapi32.lib shell32.lib ole32.lib oleaut32.lib uuid.lib odbc32.lib odbccp32.lib /MANIFEST /ManifestFile:"Release\02.Quake3Map.exe.intermediate.manifest" /MANIFESTUAC:"level='asInvoker' uiAccess='false'" /PDB:"E:\irrlicht\irrlicht-1.8\bin\Win32-VisualStudio\02.Quake3Map.pdb" /SUBSYSTEM:CONSOLE /TLBID:1 /DYNAMICBASE /IMPLIB:"..\..\bin\Win32-VisualStudio\02.Quake3Map.lib" /MACHINE:X86 Release\CHL1MeshFileLoader.obj
         Release\CHL1LevelMesh.obj
         Release\main.obj
         Quake3Map_vc10.vcxproj -> E:\irrlicht\irrlicht-1.8\examples\Half-Life Map\..\..\bin\Win32-VisualStudio\02.Quake3Map.exe
       Manifest:
         C:\Program Files (x86)\Microsoft SDKs\Windows\v7.0A\bin\mt.exe /nologo /verbose /outputresource:"..\..\bin\Win32-VisualStudio\02.Quake3Map.exe;#1" /manifest Release\02.Quake3Map.exe.intermediate.manifest
       FinalizeBuildStatus:
         Deleting file "Release\02.Quake3Map.unsuccessfulbuild".
         Touching "Release\02.Quake3Map.lastbuildstate".
     1>Done Building Project "E:\irrlicht\irrlicht-1.8\examples\Half-Life Map\Quake3Map_vc10.vcxproj" (build target(s)).

Build succeeded.

Time Elapsed 00:00:02.77
